<?xml version="1.0" encoding="UTF-8"?>
<!-- Generated by org.testng.reporters.JUnitXMLReporter -->
<testsuite hostname="SGADALLAH2" ignored="0" name="TestNG" tests="3" failures="0" timestamp="07 Feb 2020 13:43:44 GMT" time="27.015" errors="0">
  <testcase name="test_1" time="18.654" classname="Local_Project.Automation_Epic_Part_3.Test_Case_3"/>
  <testcase name="test_1" time="21.904" classname="Local_Project.Automation_Epic_Part_3.Test_Case_1"/>
  <testcase name="test_1" time="26.988" classname="Local_Project.Automation_Epic_Part_3.Test_Case_2"/>
</testsuite> <!-- TestNG -->
